This file contains any messages produced by compilers while
running configure, to aid debugging if configure makes a mistake.

It was created by configure, which was
generated by GNU Autoconf 2.61.  Invocation command line was

  $ ./configure 

## --------- ##
## Platform. ##
## --------- ##

hostname = JP-DELL
uname -m = i686
uname -r = 1.0.19(0.48/3/2)
uname -s = MINGW32_NT-6.2-WOW64
uname -v = 2014-01-17 09:56

/usr/bin/uname -p = unknown
/bin/uname -X     = unknown

/bin/arch              = unknown
/usr/bin/arch -k       = unknown
/usr/convex/getsysinfo = unknown
/usr/bin/hostinfo      = unknown
/bin/machine           = unknown
/usr/bin/oslevel       = unknown
/bin/universe          = unknown

PATH: .
PATH: /usr/local/bin
PATH: /mingw/bin
PATH: /bin
PATH: /c/Program Files (x86)/VMware/VMware Player/bin/
PATH: /c/Program Files (x86)/Common Files/Oracle/Java/javapath
PATH: /c/Python27/
PATH: /c/Python27/Scripts
PATH: /c/WINDOWS/system32
PATH: /c/WINDOWS
PATH: /c/WINDOWS/System32/Wbem
PATH: /c/WINDOWS/System32/WindowsPowerShell/v1.0/
PATH: /c/WINDOWS/System32/OpenSSH/
PATH: /c/Program Files (x86)/CMake/bin
PATH: /c/Program Files/Git/cmd
PATH: /c/Program Files/PuTTY/
PATH: /c/Program Files (x86)/Autodesk/Backburner/
PATH: /c/Program Files (x86)/Common Files/Autodesk Shared/
PATH: /c/Program Files/dotnet/
PATH: /c/Program Files/TortoiseSVN/bin
PATH: /usr/opt/dreamsdk
PATH: /c/Users/juanp/AppData/Local/Programs/Python/Python38-32/Scripts/
PATH: /c/Users/juanp/AppData/Local/Programs/Python/Python38-32/
PATH: /c/Users/juanp/AppData/Local/Microsoft/WindowsApps
PATH: .
PATH: /opt/dreamsdk/helpers/
PATH: /opt/dreamsdk/scripts/
PATH: /opt/dreamsdk/addons/
PATH: /opt/toolchains/dc/sh-elf/bin
PATH: /opt/toolchains/dc/bin
PATH: /opt/toolchains/dc/kos/utils/gnu_wrappers
PATH: /opt/toolchains/dc/kos/utils/bin2c
PATH: /opt/toolchains/dc/kos/utils/bin2o
PATH: /opt/toolchains/dc/kos/utils/dcbumpgen
PATH: /opt/toolchains/dc/kos/utils/genexports
PATH: /opt/toolchains/dc/kos/utils/genromfs
PATH: /opt/toolchains/dc/kos/utils/kmgenc
PATH: /opt/toolchains/dc/kos/utils/scramble
PATH: /opt/toolchains/dc/kos/utils/vqenc
PATH: /opt/toolchains/dc/kos/utils/wav2adpcm


## ----------- ##
## Core tests. ##
## ----------- ##

configure:2041: checking build system type
configure:2059: result: i686-pc-mingw32
configure:2081: checking host system type
configure:2096: result: i686-pc-mingw32
configure:2166: checking for gcc
configure:2182: found /mingw/bin/gcc
configure:2193: result: gcc
configure:2431: checking for C compiler version
configure:2438: gcc --version >&5
gcc.exe (MinGW.org GCC-6.3.0-1) 6.3.0
Copyright (C) 2016 Free Software Foundation, Inc.
This is free software; see the source for copying conditions.  There is NO
warranty; not even for MERCHANTABILITY or FITNESS FOR A PARTICULAR PURPOSE.

configure:2441: $? = 0
configure:2448: gcc -v >&5
Using built-in specs.
COLLECT_GCC=C:\DreamSDK\bin\gcc.exe
COLLECT_LTO_WRAPPER=c:/dreamsdk/bin/../libexec/gcc/mingw32/6.3.0/lto-wrapper.exe
Target: mingw32
Configured with: ../src/gcc-6.3.0/configure --build=x86_64-pc-linux-gnu --host=mingw32 --target=mingw32 --with-gmp=/mingw --with-mpfr --with-mpc=/mingw --with-isl=/mingw --prefix=/mingw --disable-win32-registry --with-arch=i586 --with-tune=generic --enable-languages=c,c++,objc,obj-c++,fortran,ada --with-pkgversion='MinGW.org GCC-6.3.0-1' --enable-static --enable-shared --enable-threads --with-dwarf2 --disable-sjlj-exceptions --enable-version-specific-runtime-libs --with-libiconv-prefix=/mingw --with-libintl-prefix=/mingw --enable-libstdcxx-debug --enable-libgomp --disable-libvtv --enable-nls
Thread model: win32
gcc version 6.3.0 (MinGW.org GCC-6.3.0-1) 
configure:2451: $? = 0
configure:2458: gcc -V >&5
gcc.exe: error: unrecognized command line option '-V'
gcc.exe: fatal error: no input files
compilation terminated.
configure:2461: $? = 1
configure:2484: checking for C compiler default output file name
configure:2511: gcc    conftest.c  >&5
configure:2514: $? = 0
configure:2552: result: a.exe
configure:2569: checking whether the C compiler works
configure:2579: ./a.exe

## ---------------- ##
## Cache variables. ##
## ---------------- ##


## ----------------- ##
## Output variables. ##
## ----------------- ##

